============================= test session starts =============================
platform win32 -- Python 3.14.3, pytest-9.0.3, pluggy-1.6.0
rootdir: D:\project\douyinįŠ‘ň
plugins: anyio-4.12.1, asyncio-1.3.0
asyncio: mode=Mode.STRICT, debug=False, asyncio_default_fixture_loop_scope=None, asyncio_default_test_loop_scope=function
collected 37 items

tests\test_config_manager.py ....                                        [ 10%]
tests\test_database.py ....                                              [ 21%]
tests\test_douyin_api.py ...........                                     [ 51%]
tests\test_douyin_fetcher.py ...                                         [ 59%]
tests\test_downloader.py .....                                           [ 72%]
tests\test_resilience.py ....                                            [ 83%]
tests\test_scheduler.py .                                                [ 86%]
tests\test_youtube_uploader.py .....                                     [100%]

============================== warnings summary ===============================
tests/test_resilience.py::test_auto_retry_async_success
tests/test_resilience.py::test_auto_retry_async_exhausted
tests/test_resilience.py::test_auto_retry_sync_success
  D:\project\douyinįŠ‘ň\utils\decorators.py:35: DeprecationWarning: 'asyncio.iscoroutinefunction' is deprecated and slated for removal in Python 3.16; use inspect.iscoroutinefunction() instead
    if asyncio.iscoroutinefunction(func):

tests/test_resilience.py::test_circuit_breaker_async_youtube_quota
  D:\project\douyinįŠ‘ň\utils\decorators.py:102: DeprecationWarning: 'asyncio.iscoroutinefunction' is deprecated and slated for removal in Python 3.16; use inspect.iscoroutinefunction() instead
    if asyncio.iscoroutinefunction(func):

-- Docs: https://docs.pytest.org/en/stable/how-to/capture-warnings.html
======================= 37 passed, 4 warnings in 12.34s =======================
